t=2025-07-18T15:50:14+0800 lvl=info msg="no configuration paths supplied"
t=2025-07-18T15:50:14+0800 lvl=info msg="ignoring default config path, could not stat it" path="/Users/chengwei/Library/Application Support/ngrok/ngrok.yml"
t=2025-07-18T15:50:14+0800 lvl=info msg="starting web service" obj=web addr=127.0.0.1:4040 allow_hosts=[]
t=2025-07-18T15:50:15+0800 lvl=eror msg="failed to reconnect session" obj=tunnels.session err="failed to send authentication request: tls: failed to verify certificate: x509: certificate is not authorized to sign other certificates"
t=2025-07-18T15:50:15+0800 lvl=eror msg="failed to reconnect session" obj=tunnels.session err="failed to send authentication request: tls: failed to verify certificate: x509: certificate is not authorized to sign other certificates"
t=2025-07-18T15:50:16+0800 lvl=info msg="update available" obj=updater
t=2025-07-18T15:50:16+0800 lvl=eror msg="failed to reconnect session" obj=tunnels.session err="failed to send authentication request: tls: failed to verify certificate: x509: certificate is not authorized to sign other certificates"
t=2025-07-18T15:50:18+0800 lvl=eror msg="failed to reconnect session" obj=tunnels.session err="failed to send authentication request: tls: failed to verify certificate: x509: certificate is not authorized to sign other certificates"
t=2025-07-18T15:50:22+0800 lvl=eror msg="failed to reconnect session" obj=tunnels.session err="failed to send authentication request: tls: failed to verify certificate: x509: certificate is not authorized to sign other certificates"
t=2025-07-18T15:50:31+0800 lvl=eror msg="failed to reconnect session" obj=tunnels.session err="failed to send authentication request: tls: failed to verify certificate: x509: certificate is not authorized to sign other certificates"
t=2025-07-18T15:50:47+0800 lvl=eror msg="failed to reconnect session" obj=tunnels.session err="failed to send authentication request: tls: failed to verify certificate: x509: certificate is not authorized to sign other certificates"
t=2025-07-18T15:51:17+0800 lvl=eror msg="failed to reconnect session" obj=tunnels.session err="failed to send authentication request: tls: failed to verify certificate: x509: certificate is not authorized to sign other certificates"
t=2025-07-18T15:51:47+0800 lvl=eror msg="failed to reconnect session" obj=tunnels.session err="failed to send authentication request: tls: failed to verify certificate: x509: certificate is not authorized to sign other certificates"
t=2025-07-18T15:52:18+0800 lvl=eror msg="failed to reconnect session" obj=tunnels.session err="failed to send authentication request: tls: failed to verify certificate: x509: certificate is not authorized to sign other certificates"
t=2025-07-18T15:52:48+0800 lvl=eror msg="failed to reconnect session" obj=tunnels.session err="failed to send authentication request: tls: failed to verify certificate: x509: certificate is not authorized to sign other certificates"
t=2025-07-18T15:53:19+0800 lvl=eror msg="failed to reconnect session" obj=tunnels.session err="failed to send authentication request: tls: failed to verify certificate: x509: certificate is not authorized to sign other certificates"
t=2025-07-18T15:53:49+0800 lvl=eror msg="failed to reconnect session" obj=tunnels.session err="failed to send authentication request: tls: failed to verify certificate: x509: certificate is not authorized to sign other certificates"
t=2025-07-18T15:54:20+0800 lvl=eror msg="failed to reconnect session" obj=tunnels.session err="authentication failed: Usage of ngrok requires a verified account and authtoken.\n\nSign up for an account: https://dashboard.ngrok.com/signup\nInstall your authtoken: https://dashboard.ngrok.com/get-started/your-authtoken\r\n\r\nERR_NGROK_4018\r\n"
t=2025-07-18T15:54:20+0800 lvl=eror msg="session closing" obj=tunnels.session err="authentication failed: Usage of ngrok requires a verified account and authtoken.\n\nSign up for an account: https://dashboard.ngrok.com/signup\nInstall your authtoken: https://dashboard.ngrok.com/get-started/your-authtoken\r\n\r\nERR_NGROK_4018\r\n"
t=2025-07-18T15:54:20+0800 lvl=info msg="received stop request" obj=app stopReq="{err:{Remote:true Inner:{Inner:0x14000057540}} restart:false}"
t=2025-07-18T15:54:20+0800 lvl=eror msg="terminating with error" obj=app err="authentication failed: Usage of ngrok requires a verified account and authtoken.\n\nSign up for an account: https://dashboard.ngrok.com/signup\nInstall your authtoken: https://dashboard.ngrok.com/get-started/your-authtoken\r\n\r\nERR_NGROK_4018\r\n"
t=2025-07-18T15:54:20+0800 lvl=crit msg="command failed" err="authentication failed: Usage of ngrok requires a verified account and authtoken.\n\nSign up for an account: https://dashboard.ngrok.com/signup\nInstall your authtoken: https://dashboard.ngrok.com/get-started/your-authtoken\r\n\r\nERR_NGROK_4018\r\n"
ERROR:  authentication failed: Usage of ngrok requires a verified account and authtoken.
ERROR:  
ERROR:  Sign up for an account: https://dashboard.ngrok.com/signup
ERROR:  Install your authtoken: https://dashboard.ngrok.com/get-started/your-authtoken
ERROR:  
ERROR:  ERR_NGROK_4018
ERROR:  https://ngrok.com/docs/errors/err_ngrok_4018
ERROR:  
t=2025-07-18T15:54:20+0800 lvl=info msg="no more state changes" obj=tunnels.session
